<?xml version="1.0" encoding="UTF-8"?>
<testng-results ignored="0" total="2" passed="2" failed="0" skipped="0">
  <reporter-output>
  </reporter-output>
  <suite started-at="2021-11-09T16:41:27 EET" name="Default suite" finished-at="2021-11-09T16:41:45 EET" duration-ms="17790">
    <groups>
    </groups>
    <test started-at="2021-11-09T16:41:27 EET" name="Default test" finished-at="2021-11-09T16:41:45 EET" duration-ms="17790">
      <class name="loginTask.Act_global.Login_page">
        <test-method is-config="true" signature="openBrowser()[pri:0, instance:loginTask.Act_global.Login_page@7b7fdc8]" started-at="2021-11-09T16:41:27 EET" name="openBrowser" finished-at="2021-11-09T16:41:42 EET" duration-ms="14900" status="PASS">
          <reporter-output>
          </reporter-output>
        </test-method> <!-- openBrowser -->
        <test-method signature="login()[pri:0, instance:loginTask.Act_global.Login_page@7b7fdc8]" started-at="2021-11-09T16:41:42 EET" name="login" finished-at="2021-11-09T16:41:42 EET" duration-ms="471" status="PASS">
          <reporter-output>
          </reporter-output>
        </test-method> <!-- login -->
        <test-method signature="login2()[pri:0, instance:loginTask.Act_global.Login_page@7b7fdc8]" started-at="2021-11-09T16:41:42 EET" name="login2" finished-at="2021-11-09T16:41:43 EET" duration-ms="376" status="PASS">
          <reporter-output>
          </reporter-output>
        </test-method> <!-- login2 -->
        <test-method is-config="true" signature="closeBrowser()[pri:0, instance:loginTask.Act_global.Login_page@7b7fdc8]" started-at="2021-11-09T16:41:43 EET" name="closeBrowser" finished-at="2021-11-09T16:41:45 EET" duration-ms="1869" status="PASS">
          <reporter-output>
          </reporter-output>
        </test-method> <!-- closeBrowser -->
      </class> <!-- loginTask.Act_global.Login_page -->
    </test> <!-- Default test -->
  </suite> <!-- Default suite -->
</testng-results>
